<?xml version="1.0" encoding="UTF-8"?>
<testsuites name="Employee_Timesheet_Submission" time="48.878" tests="3" failures="1" errors="0">
   <testsuite name="Employee_Timesheet_Submission" tests="3" failures="1" errors="0" time="48.878" skipped="0" timestamp="27-02-2025T13:53:12" hostname="lakshmanan.harikrish - SLTB233" id="Test Suites/Avishkaar_Test_Suite_Collections/Employee_Timesheet_Submission">
      <properties>
         <property name="deviceName" value=""/>
         <property name="devicePlatform"/>
         <property name="logFolder" value="D:\\Automation\\Katalon Studios\\Katalon-Studios\\Reports\\20250227_135307\\Avishkaar_Test_Suite_Collections\\Employee_Timesheet_Submission\\20250227_135308"/>
         <property name="logFiles" value="D:\\Automation\\Katalon Studios\\Katalon-Studios\\Reports\\20250227_135307\\Avishkaar_Test_Suite_Collections\\Employee_Timesheet_Submission\\20250227_135308\\execution0.log"/>
         <property name="attachments" value="D:\\Automation\\Katalon Studios\\Katalon-Studios\\Reports\\20250227_135307\\Avishkaar_Test_Suite_Collections\\Employee_Timesheet_Submission\\20250227_135308\\1740644639677.png"/>
         <property name="hostName" value="lakshmanan.harikrish - SLTB233"/>
         <property name="os" value="Windows 10 64bit"/>
         <property name="katalonVersion" value="9.7.4.223"/>
         <property name="browser" value="Chrome 133.0.0.0"/>
         <property name="hostAddress" value="192.168.29.148"/>
         <property name="sessionId" value="7ede06e443aead8248c51218aacc8190"/>
         <property name="seleniumVersion" value="3.141.59"/>
         <property name="proxyInformation" value="ProxyInformation { proxyOption=NO_PROXY, proxyServerType=HTTP, username=, password=********, proxyServerAddress=, proxyServerPort=0, executionList=&quot;&quot;, isApplyToDesiredCapabilities=true }"/>
         <property name="platform" value="Windows 10"/>
      </properties>
      <testcase name="Test Cases/Avishkaar Test Cases/Login" time="11.864" classname="Test Cases/Avishkaar Test Cases/Login" status="PASSED">
         <system-out><![CDATA[27-02-2025T13:53:12 - [TEST_CASE][PASSED] - Test Cases/Avishkaar Test Cases/Login: Test Cases/Avishkaar Test Cases/Login

27-02-2025T13:53:12 - [TEST_STEP][PASSED] - openBrowser("https://sftd1--testingcoe.sandbox.my.site.com/CRMITCommunity/s/"): Browser is opened with url: 'https://sftd1--testingcoe.sandbox.my.site.com/CRMITCommunity/s/'

27-02-2025T13:53:12 - [MESSAGE][INFO] - Starting 'Chrome' driver

27-02-2025T13:53:12 - [MESSAGE][INFO] - Action delay is set to 0 milliseconds

27-02-2025T13:53:22 - [MESSAGE][PASSED] - Browser is opened with url: 'https://sftd1--testingcoe.sandbox.my.site.com/CRMITCommunity/s/'

27-02-2025T13:53:22 - [TEST_STEP][PASSED] - setText(findTestObject("Avishkaar Object Repository/Login_Page/Username"), Username): Text 'chaithra.kn@crmit.com.testingcoe' is set on object 'Object Repository/Avishkaar Object Repository/Login_Page/Username'

27-02-2025T13:53:23 - [MESSAGE][PASSED] - Text 'chaithra.kn@crmit.com.testingcoe' is set on object 'Object Repository/Avishkaar Object Repository/Login_Page/Username'

27-02-2025T13:53:23 - [TEST_STEP][PASSED] - setText(findTestObject("Avishkaar Object Repository/Login_Page/Password"), Password): Text 'Password$2025' is set on object 'Object Repository/Avishkaar Object Repository/Login_Page/Password'

27-02-2025T13:53:23 - [MESSAGE][PASSED] - Text 'Password$2025' is set on object 'Object Repository/Avishkaar Object Repository/Login_Page/Password'

27-02-2025T13:53:23 - [TEST_STEP][PASSED] - click(findTestObject("Avishkaar Object Repository/Login_Page/Login_Button")): Object: 'Object Repository/Avishkaar Object Repository/Login_Page/Login_Button' is clicked on

27-02-2025T13:53:24 - [MESSAGE][PASSED] - Object: 'Object Repository/Avishkaar Object Repository/Login_Page/Login_Button' is clicked on]]></system-out>
         <system-err><![CDATA[]]></system-err>
      </testcase>
      <testcase name="Test Cases/Avishkaar Test Cases/Timesheet Management/Employee_Timesheet_Submission" time="35.527" classname="Test Cases/Avishkaar Test Cases/Timesheet Management/Employee_Timesheet_Submission" status="FAILED">
         <failure type="FAILED" message="Test Cases/Avishkaar Test Cases/Timesheet Management/Employee_Timesheet_Submission FAILED.&#xa;Reason:&#xa;com.kms.katalon.core.exception.StepFailedException: Unable to clear text of object ''{0}''&#xa;	at com.kms.katalon.core.webui.keyword.internal.WebUIKeywordMain.stepFailed(WebUIKeywordMain.groovy:117)&#xa;	at com.kms.katalon.core.webui.keyword.internal.WebUIKeywordMain.runKeyword(WebUIKeywordMain.groovy:78)&#xa;	at com.kms.katalon.core.webui.keyword.builtin.ClearTextKeyword.clearText(ClearTextKeyword.groovy:61)&#xa;	at com.kms.katalon.core.webui.keyword.builtin.ClearTextKeyword.execute(ClearTextKeyword.groovy:35)&#xa;	at com.kms.katalon.core.keyword.internal.KeywordExecutor.executeKeywordForPlatform(KeywordExecutor.groovy:74)&#xa;	at com.kms.katalon.core.webui.keyword.WebUiBuiltInKeywords.clearText(WebUiBuiltInKeywords.groovy:4989)&#xa;	at Employee_Timesheet_Submission.run(Employee_Timesheet_Submission:63)&#xa;	at com.kms.katalon.core.main.ScriptEngine.run(ScriptEngine.java:194)&#xa;	at com.kms.katalon.core.main.ScriptEngine.runScriptAsRawText(ScriptEngine.java:119)&#xa;	at com.kms.katalon.core.main.TestCaseExecutor.runScript(TestCaseExecutor.java:448)&#xa;	at com.kms.katalon.core.main.TestCaseExecutor.doExecute(TestCaseExecutor.java:439)&#xa;	at com.kms.katalon.core.main.TestCaseExecutor.processExecutionPhase(TestCaseExecutor.java:418)&#xa;	at com.kms.katalon.core.main.TestCaseExecutor.accessMainPhase(TestCaseExecutor.java:410)&#xa;	at com.kms.katalon.core.main.TestCaseExecutor.execute(TestCaseExecutor.java:285)&#xa;	at com.kms.katalon.core.common.CommonExecutor.accessTestCaseMainPhase(CommonExecutor.java:65)&#xa;	at com.kms.katalon.core.main.TestSuiteExecutor.accessTestSuiteMainPhase(TestSuiteExecutor.java:150)&#xa;	at com.kms.katalon.core.main.TestSuiteExecutor.execute(TestSuiteExecutor.java:106)&#xa;	at com.kms.katalon.core.main.TestCaseMain.startTestSuite(TestCaseMain.java:180)&#xa;	at TempTestSuite1740644588984.run(TempTestSuite1740644588984.groovy:35)&#xa;	at java.base/jdk.internal.reflect.NativeMethodAccessorImpl.invoke0(Native Method)&#xa;	at java.base/jdk.internal.reflect.NativeMethodAccessorImpl.invoke(NativeMethodAccessorImpl.java:77)&#xa;	at java.base/jdk.internal.reflect.DelegatingMethodAccessorImpl.invoke(DelegatingMethodAccessorImpl.java:43)&#xa;Caused by: java.lang.IllegalArgumentException: Object is null&#xa;	at com.kms.katalon.core.helper.KeywordHelper.checkTestObjectParameter(KeywordHelper.java:33)&#xa;	at com.kms.katalon.core.webui.keyword.builtin.ClearTextKeyword$_clearText_closure1.doCall(ClearTextKeyword.groovy:43)&#xa;	at com.kms.katalon.core.webui.keyword.builtin.ClearTextKeyword$_clearText_closure1.call(ClearTextKeyword.groovy)&#xa;	at com.kms.katalon.core.webui.keyword.internal.WebUIKeywordMain.runKeyword(WebUIKeywordMain.groovy:67)&#xa;	... 20 more&#xa;"/>
         <system-out><![CDATA[27-02-2025T13:53:24 - [TEST_CASE][FAILED] - Test Cases/Avishkaar Test Cases/Timesheet Management/Employee_Timesheet_Submission: Test Cases/Avishkaar Test Cases/Timesheet Management/Employee_Timesheet_Submission FAILED.
Reason:
com.kms.katalon.core.exception.StepFailedException: Unable to clear text of object ''{0}''
	at com.kms.katalon.core.webui.keyword.internal.WebUIKeywordMain.stepFailed(WebUIKeywordMain.groovy:117)
	at com.kms.katalon.core.webui.keyword.internal.WebUIKeywordMain.runKeyword(WebUIKeywordMain.groovy:78)
	at com.kms.katalon.core.webui.keyword.builtin.ClearTextKeyword.clearText(ClearTextKeyword.groovy:61)
	at com.kms.katalon.core.webui.keyword.builtin.ClearTextKeyword.execute(ClearTextKeyword.groovy:35)
	at com.kms.katalon.core.keyword.internal.KeywordExecutor.executeKeywordForPlatform(KeywordExecutor.groovy:74)
	at com.kms.katalon.core.webui.keyword.WebUiBuiltInKeywords.clearText(WebUiBuiltInKeywords.groovy:4989)
	at Employee_Timesheet_Submission.run(Employee_Timesheet_Submission:63)
	at com.kms.katalon.core.main.ScriptEngine.run(ScriptEngine.java:194)
	at com.kms.katalon.core.main.ScriptEngine.runScriptAsRawText(ScriptEngine.java:119)
	at com.kms.katalon.core.main.TestCaseExecutor.runScript(TestCaseExecutor.java:448)
	at com.kms.katalon.core.main.TestCaseExecutor.doExecute(TestCaseExecutor.java:439)
	at com.kms.katalon.core.main.TestCaseExecutor.processExecutionPhase(TestCaseExecutor.java:418)
	at com.kms.katalon.core.main.TestCaseExecutor.accessMainPhase(TestCaseExecutor.java:410)
	at com.kms.katalon.core.main.TestCaseExecutor.execute(TestCaseExecutor.java:285)
	at com.kms.katalon.core.common.CommonExecutor.accessTestCaseMainPhase(CommonExecutor.java:65)
	at com.kms.katalon.core.main.TestSuiteExecutor.accessTestSuiteMainPhase(TestSuiteExecutor.java:150)
	at com.kms.katalon.core.main.TestSuiteExecutor.execute(TestSuiteExecutor.java:106)
	at com.kms.katalon.core.main.TestCaseMain.startTestSuite(TestCaseMain.java:180)
	at TempTestSuite1740644588984.run(TempTestSuite1740644588984.groovy:35)
	at java.base/jdk.internal.reflect.NativeMethodAccessorImpl.invoke0(Native Method)
	at java.base/jdk.internal.reflect.NativeMethodAccessorImpl.invoke(NativeMethodAccessorImpl.java:77)
	at java.base/jdk.internal.reflect.DelegatingMethodAccessorImpl.invoke(DelegatingMethodAccessorImpl.java:43)
Caused by: java.lang.IllegalArgumentException: Object is null
	at com.kms.katalon.core.helper.KeywordHelper.checkTestObjectParameter(KeywordHelper.java:33)
	at com.kms.katalon.core.webui.keyword.builtin.ClearTextKeyword$_clearText_closure1.doCall(ClearTextKeyword.groovy:43)
	at com.kms.katalon.core.webui.keyword.builtin.ClearTextKeyword$_clearText_closure1.call(ClearTextKeyword.groovy)
	at com.kms.katalon.core.webui.keyword.internal.WebUIKeywordMain.runKeyword(WebUIKeywordMain.groovy:67)
	... 20 more


27-02-2025T13:53:25 - [TEST_STEP][PASSED] - delay(3): Delayed 3 second(s)

27-02-2025T13:53:28 - [MESSAGE][PASSED] - Delayed 3 second(s)

27-02-2025T13:53:28 - [TEST_STEP][PASSED] - click(findTestObject("Avishkaar Object Repository/Timesheet Management/Home_Page/Timesheet")): Object: 'Object Repository/Avishkaar Object Repository/Timesheet Management/Home_Page/Timesheet' is clicked on

27-02-2025T13:53:35 - [MESSAGE][PASSED] - Object: 'Object Repository/Avishkaar Object Repository/Timesheet Management/Home_Page/Timesheet' is clicked on

27-02-2025T13:53:35 - [TEST_STEP][PASSED] - click(findTestObject("Avishkaar Object Repository/Timesheet Management/Timesheet_Details_Entry_Page/Timesheet_List_View/New_Button"), STOP_ON_FAILURE): Object: 'Object Repository/Avishkaar Object Repository/Timesheet Management/Timesheet_Details_Entry_Page/Timesheet_List_View/New_Button' is clicked on

27-02-2025T13:53:40 - [MESSAGE][PASSED] - Object: 'Object Repository/Avishkaar Object Repository/Timesheet Management/Timesheet_Details_Entry_Page/Timesheet_List_View/New_Button' is clicked on

27-02-2025T13:53:40 - [TEST_STEP][PASSED] - delay(5): Delayed 5 second(s)

27-02-2025T13:53:45 - [MESSAGE][PASSED] - Delayed 5 second(s)

27-02-2025T13:53:45 - [TEST_STEP][PASSED] - setText(findTestObject("Avishkaar Object Repository/Timesheet Management/Date_Range_Popup_Page/Date"), Date_Range): Text 'Feb 17, 2025' is set on object 'Object Repository/Avishkaar Object Repository/Timesheet Management/Date_Range_Popup_Page/Date'

27-02-2025T13:53:50 - [MESSAGE][PASSED] - Text 'Feb 17, 2025' is set on object 'Object Repository/Avishkaar Object Repository/Timesheet Management/Date_Range_Popup_Page/Date'

27-02-2025T13:53:50 - [TEST_STEP][PASSED] - click(findTestObject("Avishkaar Object Repository/Timesheet Management/Date_Range_Popup_Page/Ok_Button")): Object: 'Object Repository/Avishkaar Object Repository/Timesheet Management/Date_Range_Popup_Page/Ok_Button' is clicked on

27-02-2025T13:53:51 - [MESSAGE][PASSED] - Object: 'Object Repository/Avishkaar Object Repository/Timesheet Management/Date_Range_Popup_Page/Ok_Button' is clicked on

27-02-2025T13:53:51 - [TEST_STEP][PASSED] - click(findTestObject("Avishkaar Object Repository/Timesheet Management/Timesheet_Details_Entry_Page/Timesheet_Buttons/COE_Project")): Object: 'Object Repository/Avishkaar Object Repository/Timesheet Management/Timesheet_Details_Entry_Page/Timesheet_Buttons/COE_Project' is clicked on

27-02-2025T13:53:52 - [MESSAGE][PASSED] - Object: 'Object Repository/Avishkaar Object Repository/Timesheet Management/Timesheet_Details_Entry_Page/Timesheet_Buttons/COE_Project' is clicked on

27-02-2025T13:53:52 - [TEST_STEP][PASSED] - setText(findTestObject("Avishkaar Object Repository/Timesheet Management/Timesheet_Details_Entry_Page/Monday/Monday_Date"), Monday_Date): Text 'Feb 17, 2025' is set on object 'Object Repository/Avishkaar Object Repository/Timesheet Management/Timesheet_Details_Entry_Page/Monday/Monday_Date'

27-02-2025T13:53:53 - [MESSAGE][PASSED] - Text 'Feb 17, 2025' is set on object 'Object Repository/Avishkaar Object Repository/Timesheet Management/Timesheet_Details_Entry_Page/Monday/Monday_Date'

27-02-2025T13:53:53 - [TEST_STEP][PASSED] - click(findTestObject("Avishkaar Object Repository/Timesheet Management/Timesheet_Details_Entry_Page/Monday/Monday_Category")): Object: 'Object Repository/Avishkaar Object Repository/Timesheet Management/Timesheet_Details_Entry_Page/Monday/Monday_Category' is clicked on

27-02-2025T13:53:53 - [MESSAGE][PASSED] - Object: 'Object Repository/Avishkaar Object Repository/Timesheet Management/Timesheet_Details_Entry_Page/Monday/Monday_Category' is clicked on

27-02-2025T13:53:53 - [TEST_STEP][PASSED] - delay(3): Delayed 3 second(s)

27-02-2025T13:53:56 - [MESSAGE][PASSED] - Delayed 3 second(s)

27-02-2025T13:53:56 - [TEST_STEP][PASSED] - click(findTestObject("Avishkaar Object Repository/Timesheet Management/Timesheet_Details_Entry_Page/Monday/Monday_Category_Picklist")): Object: 'Object Repository/Avishkaar Object Repository/Timesheet Management/Timesheet_Details_Entry_Page/Monday/Monday_Category_Picklist' is clicked on

27-02-2025T13:53:57 - [MESSAGE][PASSED] - Object: 'Object Repository/Avishkaar Object Repository/Timesheet Management/Timesheet_Details_Entry_Page/Monday/Monday_Category_Picklist' is clicked on

27-02-2025T13:53:57 - [TEST_STEP][PASSED] - click(findTestObject("Avishkaar Object Repository/Timesheet Management/Timesheet_Details_Entry_Page/Monday/Monday_Sub_Category")): Object: 'Object Repository/Avishkaar Object Repository/Timesheet Management/Timesheet_Details_Entry_Page/Monday/Monday_Sub_Category' is clicked on

27-02-2025T13:53:57 - [MESSAGE][PASSED] - Object: 'Object Repository/Avishkaar Object Repository/Timesheet Management/Timesheet_Details_Entry_Page/Monday/Monday_Sub_Category' is clicked on

27-02-2025T13:53:57 - [TEST_STEP][PASSED] - click(findTestObject("Avishkaar Object Repository/Timesheet Management/Timesheet_Details_Entry_Page/Monday/Monday_Sub_Category_Picklist")): Object: 'Object Repository/Avishkaar Object Repository/Timesheet Management/Timesheet_Details_Entry_Page/Monday/Monday_Sub_Category_Picklist' is clicked on

27-02-2025T13:53:57 - [MESSAGE][PASSED] - Object: 'Object Repository/Avishkaar Object Repository/Timesheet Management/Timesheet_Details_Entry_Page/Monday/Monday_Sub_Category_Picklist' is clicked on

27-02-2025T13:53:57 - [TEST_STEP][PASSED] - setText(findTestObject("Avishkaar Object Repository/Timesheet Management/Timesheet_Details_Entry_Page/Monday/Monday_Hours"), Hours): Text '8' is set on object 'Object Repository/Avishkaar Object Repository/Timesheet Management/Timesheet_Details_Entry_Page/Monday/Monday_Hours'

27-02-2025T13:53:58 - [MESSAGE][PASSED] - Text '8' is set on object 'Object Repository/Avishkaar Object Repository/Timesheet Management/Timesheet_Details_Entry_Page/Monday/Monday_Hours'

27-02-2025T13:53:58 - [TEST_STEP][PASSED] - setText(findTestObject("Avishkaar Object Repository/Timesheet Management/Timesheet_Details_Entry_Page/Monday/Monday_Description"), Monday_Description): Text 'Katalon' is set on object 'Object Repository/Avishkaar Object Repository/Timesheet Management/Timesheet_Details_Entry_Page/Monday/Monday_Description'

27-02-2025T13:53:59 - [MESSAGE][PASSED] - Text 'Katalon' is set on object 'Object Repository/Avishkaar Object Repository/Timesheet Management/Timesheet_Details_Entry_Page/Monday/Monday_Description'

27-02-2025T13:53:59 - [TEST_STEP][PASSED] - click(findTestObject("Avishkaar Object Repository/Timesheet Management/Timesheet_Details_Entry_Page/Monday/Monday_Add")): Object: 'Object Repository/Avishkaar Object Repository/Timesheet Management/Timesheet_Details_Entry_Page/Monday/Monday_Add' is clicked on

27-02-2025T13:53:59 - [MESSAGE][PASSED] - Object: 'Object Repository/Avishkaar Object Repository/Timesheet Management/Timesheet_Details_Entry_Page/Monday/Monday_Add' is clicked on

27-02-2025T13:53:59 - [TEST_STEP][FAILED] - clearText(findTestObject("Avishkaar Object Repository/Timesheet/Timesheet Submission/Timesheet_Details_Entry_Page/Tuesday/Tuesday_Date")): Unable to clear text of object ''{0}'' (Root cause: com.kms.katalon.core.exception.StepFailedException: Unable to clear text of object ''{0}''
	at com.kms.katalon.core.webui.keyword.internal.WebUIKeywordMain.stepFailed(WebUIKeywordMain.groovy:117)
	at com.kms.katalon.core.webui.keyword.internal.WebUIKeywordMain.runKeyword(WebUIKeywordMain.groovy:78)
	at com.kms.katalon.core.webui.keyword.builtin.ClearTextKeyword.clearText(ClearTextKeyword.groovy:61)
	at com.kms.katalon.core.webui.keyword.builtin.ClearTextKeyword.execute(ClearTextKeyword.groovy:35)
	at com.kms.katalon.core.keyword.internal.KeywordExecutor.executeKeywordForPlatform(KeywordExecutor.groovy:74)
	at com.kms.katalon.core.webui.keyword.WebUiBuiltInKeywords.clearText(WebUiBuiltInKeywords.groovy:4989)
	at Employee_Timesheet_Submission.run(Employee_Timesheet_Submission:63)
	at com.kms.katalon.core.main.ScriptEngine.run(ScriptEngine.java:194)
	at com.kms.katalon.core.main.ScriptEngine.runScriptAsRawText(ScriptEngine.java:119)
	at com.kms.katalon.core.main.TestCaseExecutor.runScript(TestCaseExecutor.java:448)
	at com.kms.katalon.core.main.TestCaseExecutor.doExecute(TestCaseExecutor.java:439)
	at com.kms.katalon.core.main.TestCaseExecutor.processExecutionPhase(TestCaseExecutor.java:418)
	at com.kms.katalon.core.main.TestCaseExecutor.accessMainPhase(TestCaseExecutor.java:410)
	at com.kms.katalon.core.main.TestCaseExecutor.execute(TestCaseExecutor.java:285)
	at com.kms.katalon.core.common.CommonExecutor.accessTestCaseMainPhase(CommonExecutor.java:65)
	at com.kms.katalon.core.main.TestSuiteExecutor.accessTestSuiteMainPhase(TestSuiteExecutor.java:150)
	at com.kms.katalon.core.main.TestSuiteExecutor.execute(TestSuiteExecutor.java:106)
	at com.kms.katalon.core.main.TestCaseMain.startTestSuite(TestCaseMain.java:180)
	at TempTestSuite1740644588984.run(TempTestSuite1740644588984.groovy:35)
	at java.base/jdk.internal.reflect.NativeMethodAccessorImpl.invoke0(Native Method)
	at java.base/jdk.internal.reflect.NativeMethodAccessorImpl.invoke(NativeMethodAccessorImpl.java:77)
	at java.base/jdk.internal.reflect.DelegatingMethodAccessorImpl.invoke(DelegatingMethodAccessorImpl.java:43)
Caused by: java.lang.IllegalArgumentException: Object is null
	at com.kms.katalon.core.helper.KeywordHelper.checkTestObjectParameter(KeywordHelper.java:33)
	at com.kms.katalon.core.webui.keyword.builtin.ClearTextKeyword$_clearText_closure1.doCall(ClearTextKeyword.groovy:43)
	at com.kms.katalon.core.webui.keyword.builtin.ClearTextKeyword$_clearText_closure1.call(ClearTextKeyword.groovy)
	at com.kms.katalon.core.webui.keyword.internal.WebUIKeywordMain.runKeyword(WebUIKeywordMain.groovy:67)
	at com.kms.katalon.core.webui.keyword.builtin.ClearTextKeyword.clearText(ClearTextKeyword.groovy:61)
	at com.kms.katalon.core.webui.keyword.builtin.ClearTextKeyword.execute(ClearTextKeyword.groovy:35)
	at com.kms.katalon.core.keyword.internal.KeywordExecutor.executeKeywordForPlatform(KeywordExecutor.groovy:74)
	at com.kms.katalon.core.webui.keyword.WebUiBuiltInKeywords.clearText(WebUiBuiltInKeywords.groovy:4989)
	at Script1739779492640.run(Script1739779492640.groovy:63)
	... 15 more
)

27-02-2025T13:53:59 - [MESSAGE][WARNING] - Test object with id 'Object Repository/Avishkaar Object Repository/Timesheet/Timesheet Submission/Timesheet_Details_Entry_Page/Tuesday/Tuesday_Date' does not exist

27-02-2025T13:53:59 - [MESSAGE][WARNING] - Test object with id 'Object Repository/' does not exist

27-02-2025T13:53:59 - [MESSAGE][FAILED] - Unable to clear text of object ''{0}'' (Root cause: com.kms.katalon.core.exception.StepFailedException: Unable to clear text of object ''{0}''
	at com.kms.katalon.core.webui.keyword.internal.WebUIKeywordMain.stepFailed(WebUIKeywordMain.groovy:117)
	at com.kms.katalon.core.webui.keyword.internal.WebUIKeywordMain.runKeyword(WebUIKeywordMain.groovy:78)
	at com.kms.katalon.core.webui.keyword.builtin.ClearTextKeyword.clearText(ClearTextKeyword.groovy:61)
	at com.kms.katalon.core.webui.keyword.builtin.ClearTextKeyword.execute(ClearTextKeyword.groovy:35)
	at com.kms.katalon.core.keyword.internal.KeywordExecutor.executeKeywordForPlatform(KeywordExecutor.groovy:74)
	at com.kms.katalon.core.webui.keyword.WebUiBuiltInKeywords.clearText(WebUiBuiltInKeywords.groovy:4989)
	at Employee_Timesheet_Submission.run(Employee_Timesheet_Submission:63)
	at com.kms.katalon.core.main.ScriptEngine.run(ScriptEngine.java:194)
	at com.kms.katalon.core.main.ScriptEngine.runScriptAsRawText(ScriptEngine.java:119)
	at com.kms.katalon.core.main.TestCaseExecutor.runScript(TestCaseExecutor.java:448)
	at com.kms.katalon.core.main.TestCaseExecutor.doExecute(TestCaseExecutor.java:439)
	at com.kms.katalon.core.main.TestCaseExecutor.processExecutionPhase(TestCaseExecutor.java:418)
	at com.kms.katalon.core.main.TestCaseExecutor.accessMainPhase(TestCaseExecutor.java:410)
	at com.kms.katalon.core.main.TestCaseExecutor.execute(TestCaseExecutor.java:285)
	at com.kms.katalon.core.common.CommonExecutor.accessTestCaseMainPhase(CommonExecutor.java:65)
	at com.kms.katalon.core.main.TestSuiteExecutor.accessTestSuiteMainPhase(TestSuiteExecutor.java:150)
	at com.kms.katalon.core.main.TestSuiteExecutor.execute(TestSuiteExecutor.java:106)
	at com.kms.katalon.core.main.TestCaseMain.startTestSuite(TestCaseMain.java:180)
	at TempTestSuite1740644588984.run(TempTestSuite1740644588984.groovy:35)
	at java.base/jdk.internal.reflect.NativeMethodAccessorImpl.invoke0(Native Method)
	at java.base/jdk.internal.reflect.NativeMethodAccessorImpl.invoke(NativeMethodAccessorImpl.java:77)
	at java.base/jdk.internal.reflect.DelegatingMethodAccessorImpl.invoke(DelegatingMethodAccessorImpl.java:43)
Caused by: java.lang.IllegalArgumentException: Object is null
	at com.kms.katalon.core.helper.KeywordHelper.checkTestObjectParameter(KeywordHelper.java:33)
	at com.kms.katalon.core.webui.keyword.builtin.ClearTextKeyword$_clearText_closure1.doCall(ClearTextKeyword.groovy:43)
	at com.kms.katalon.core.webui.keyword.builtin.ClearTextKeyword$_clearText_closure1.call(ClearTextKeyword.groovy)
	at com.kms.katalon.core.webui.keyword.internal.WebUIKeywordMain.runKeyword(WebUIKeywordMain.groovy:67)
	at com.kms.katalon.core.webui.keyword.builtin.ClearTextKeyword.clearText(ClearTextKeyword.groovy:61)
	at com.kms.katalon.core.webui.keyword.builtin.ClearTextKeyword.execute(ClearTextKeyword.groovy:35)
	at com.kms.katalon.core.keyword.internal.KeywordExecutor.executeKeywordForPlatform(KeywordExecutor.groovy:74)
	at com.kms.katalon.core.webui.keyword.WebUiBuiltInKeywords.clearText(WebUiBuiltInKeywords.groovy:4989)
	at Script1739779492640.run(Script1739779492640.groovy:63)
	... 15 more
)
[[ATTACHMENT|D:\\Automation\\Katalon Studios\\Katalon-Studios\\Reports\\20250227_135307\\Avishkaar_Test_Suite_Collections\\Employee_Timesheet_Submission\\20250227_135308\\1740644639677.png]]]]></system-out>
         <system-err><![CDATA[27-02-2025T13:53:24 - [TEST_CASE][FAILED] - Test Cases/Avishkaar Test Cases/Timesheet Management/Employee_Timesheet_Submission: Test Cases/Avishkaar Test Cases/Timesheet Management/Employee_Timesheet_Submission FAILED.
Reason:
com.kms.katalon.core.exception.StepFailedException: Unable to clear text of object ''{0}''
	at com.kms.katalon.core.webui.keyword.internal.WebUIKeywordMain.stepFailed(WebUIKeywordMain.groovy:117)
	at com.kms.katalon.core.webui.keyword.internal.WebUIKeywordMain.runKeyword(WebUIKeywordMain.groovy:78)
	at com.kms.katalon.core.webui.keyword.builtin.ClearTextKeyword.clearText(ClearTextKeyword.groovy:61)
	at com.kms.katalon.core.webui.keyword.builtin.ClearTextKeyword.execute(ClearTextKeyword.groovy:35)
	at com.kms.katalon.core.keyword.internal.KeywordExecutor.executeKeywordForPlatform(KeywordExecutor.groovy:74)
	at com.kms.katalon.core.webui.keyword.WebUiBuiltInKeywords.clearText(WebUiBuiltInKeywords.groovy:4989)
	at Employee_Timesheet_Submission.run(Employee_Timesheet_Submission:63)
	at com.kms.katalon.core.main.ScriptEngine.run(ScriptEngine.java:194)
	at com.kms.katalon.core.main.ScriptEngine.runScriptAsRawText(ScriptEngine.java:119)
	at com.kms.katalon.core.main.TestCaseExecutor.runScript(TestCaseExecutor.java:448)
	at com.kms.katalon.core.main.TestCaseExecutor.doExecute(TestCaseExecutor.java:439)
	at com.kms.katalon.core.main.TestCaseExecutor.processExecutionPhase(TestCaseExecutor.java:418)
	at com.kms.katalon.core.main.TestCaseExecutor.accessMainPhase(TestCaseExecutor.java:410)
	at com.kms.katalon.core.main.TestCaseExecutor.execute(TestCaseExecutor.java:285)
	at com.kms.katalon.core.common.CommonExecutor.accessTestCaseMainPhase(CommonExecutor.java:65)
	at com.kms.katalon.core.main.TestSuiteExecutor.accessTestSuiteMainPhase(TestSuiteExecutor.java:150)
	at com.kms.katalon.core.main.TestSuiteExecutor.execute(TestSuiteExecutor.java:106)
	at com.kms.katalon.core.main.TestCaseMain.startTestSuite(TestCaseMain.java:180)
	at TempTestSuite1740644588984.run(TempTestSuite1740644588984.groovy:35)
	at java.base/jdk.internal.reflect.NativeMethodAccessorImpl.invoke0(Native Method)
	at java.base/jdk.internal.reflect.NativeMethodAccessorImpl.invoke(NativeMethodAccessorImpl.java:77)
	at java.base/jdk.internal.reflect.DelegatingMethodAccessorImpl.invoke(DelegatingMethodAccessorImpl.java:43)
Caused by: java.lang.IllegalArgumentException: Object is null
	at com.kms.katalon.core.helper.KeywordHelper.checkTestObjectParameter(KeywordHelper.java:33)
	at com.kms.katalon.core.webui.keyword.builtin.ClearTextKeyword$_clearText_closure1.doCall(ClearTextKeyword.groovy:43)
	at com.kms.katalon.core.webui.keyword.builtin.ClearTextKeyword$_clearText_closure1.call(ClearTextKeyword.groovy)
	at com.kms.katalon.core.webui.keyword.internal.WebUIKeywordMain.runKeyword(WebUIKeywordMain.groovy:67)
	... 20 more]]></system-err>
      </testcase>
      <testcase name="Test Cases/Avishkaar Test Cases/Logout" time="1.038" classname="Test Cases/Avishkaar Test Cases/Logout" status="PASSED">
         <system-out><![CDATA[27-02-2025T13:53:59 - [TEST_CASE][PASSED] - Test Cases/Avishkaar Test Cases/Logout: Test Cases/Avishkaar Test Cases/Logout

27-02-2025T13:53:59 - [TEST_STEP][PASSED] - click(findTestObject("Avishkaar Object Repository/Logout_Page/Logout_Icon")): Object: 'Object Repository/Avishkaar Object Repository/Logout_Page/Logout_Icon' is clicked on

27-02-2025T13:54:00 - [MESSAGE][PASSED] - Object: 'Object Repository/Avishkaar Object Repository/Logout_Page/Logout_Icon' is clicked on

27-02-2025T13:54:00 - [TEST_STEP][PASSED] - click(findTestObject("Avishkaar Object Repository/Logout_Page/Logout_Button")): Object: 'Object Repository/Avishkaar Object Repository/Logout_Page/Logout_Button' is clicked on

27-02-2025T13:54:00 - [MESSAGE][PASSED] - Object: 'Object Repository/Avishkaar Object Repository/Logout_Page/Logout_Button' is clicked on]]></system-out>
         <system-err><![CDATA[]]></system-err>
      </testcase>
      <system-out><![CDATA[27-02-2025T13:53:12 - [TEST_SUITE][FAILED] - Employee_Timesheet_Submission: Test Cases/Avishkaar Test Cases/Timesheet Management/Employee_Timesheet_Submission FAILED.
Reason:
com.kms.katalon.core.exception.StepFailedException: Unable to clear text of object ''{0}''
	at com.kms.katalon.core.webui.keyword.internal.WebUIKeywordMain.stepFailed(WebUIKeywordMain.groovy:117)
	at com.kms.katalon.core.webui.keyword.internal.WebUIKeywordMain.runKeyword(WebUIKeywordMain.groovy:78)
	at com.kms.katalon.core.webui.keyword.builtin.ClearTextKeyword.clearText(ClearTextKeyword.groovy:61)
	at com.kms.katalon.core.webui.keyword.builtin.ClearTextKeyword.execute(ClearTextKeyword.groovy:35)
	at com.kms.katalon.core.keyword.internal.KeywordExecutor.executeKeywordForPlatform(KeywordExecutor.groovy:74)
	at com.kms.katalon.core.webui.keyword.WebUiBuiltInKeywords.clearText(WebUiBuiltInKeywords.groovy:4989)
	at Employee_Timesheet_Submission.run(Employee_Timesheet_Submission:63)
	at com.kms.katalon.core.main.ScriptEngine.run(ScriptEngine.java:194)
	at com.kms.katalon.core.main.ScriptEngine.runScriptAsRawText(ScriptEngine.java:119)
	at com.kms.katalon.core.main.TestCaseExecutor.runScript(TestCaseExecutor.java:448)
	at com.kms.katalon.core.main.TestCaseExecutor.doExecute(TestCaseExecutor.java:439)
	at com.kms.katalon.core.main.TestCaseExecutor.processExecutionPhase(TestCaseExecutor.java:418)
	at com.kms.katalon.core.main.TestCaseExecutor.accessMainPhase(TestCaseExecutor.java:410)
	at com.kms.katalon.core.main.TestCaseExecutor.execute(TestCaseExecutor.java:285)
	at com.kms.katalon.core.common.CommonExecutor.accessTestCaseMainPhase(CommonExecutor.java:65)
	at com.kms.katalon.core.main.TestSuiteExecutor.accessTestSuiteMainPhase(TestSuiteExecutor.java:150)
	at com.kms.katalon.core.main.TestSuiteExecutor.execute(TestSuiteExecutor.java:106)
	at com.kms.katalon.core.main.TestCaseMain.startTestSuite(TestCaseMain.java:180)
	at TempTestSuite1740644588984.run(TempTestSuite1740644588984.groovy:35)
	at java.base/jdk.internal.reflect.NativeMethodAccessorImpl.invoke0(Native Method)
	at java.base/jdk.internal.reflect.NativeMethodAccessorImpl.invoke(NativeMethodAccessorImpl.java:77)
	at java.base/jdk.internal.reflect.DelegatingMethodAccessorImpl.invoke(DelegatingMethodAccessorImpl.java:43)
Caused by: java.lang.IllegalArgumentException: Object is null
	at com.kms.katalon.core.helper.KeywordHelper.checkTestObjectParameter(KeywordHelper.java:33)
	at com.kms.katalon.core.webui.keyword.builtin.ClearTextKeyword$_clearText_closure1.doCall(ClearTextKeyword.groovy:43)
	at com.kms.katalon.core.webui.keyword.builtin.ClearTextKeyword$_clearText_closure1.call(ClearTextKeyword.groovy)
	at com.kms.katalon.core.webui.keyword.internal.WebUIKeywordMain.runKeyword(WebUIKeywordMain.groovy:67)
	... 20 more]]></system-out>
      <system-err><![CDATA[27-02-2025T13:53:12 - [TEST_SUITE][FAILED] - Employee_Timesheet_Submission: Test Cases/Avishkaar Test Cases/Timesheet Management/Employee_Timesheet_Submission FAILED.
Reason:
com.kms.katalon.core.exception.StepFailedException: Unable to clear text of object ''{0}''
	at com.kms.katalon.core.webui.keyword.internal.WebUIKeywordMain.stepFailed(WebUIKeywordMain.groovy:117)
	at com.kms.katalon.core.webui.keyword.internal.WebUIKeywordMain.runKeyword(WebUIKeywordMain.groovy:78)
	at com.kms.katalon.core.webui.keyword.builtin.ClearTextKeyword.clearText(ClearTextKeyword.groovy:61)
	at com.kms.katalon.core.webui.keyword.builtin.ClearTextKeyword.execute(ClearTextKeyword.groovy:35)
	at com.kms.katalon.core.keyword.internal.KeywordExecutor.executeKeywordForPlatform(KeywordExecutor.groovy:74)
	at com.kms.katalon.core.webui.keyword.WebUiBuiltInKeywords.clearText(WebUiBuiltInKeywords.groovy:4989)
	at Employee_Timesheet_Submission.run(Employee_Timesheet_Submission:63)
	at com.kms.katalon.core.main.ScriptEngine.run(ScriptEngine.java:194)
	at com.kms.katalon.core.main.ScriptEngine.runScriptAsRawText(ScriptEngine.java:119)
	at com.kms.katalon.core.main.TestCaseExecutor.runScript(TestCaseExecutor.java:448)
	at com.kms.katalon.core.main.TestCaseExecutor.doExecute(TestCaseExecutor.java:439)
	at com.kms.katalon.core.main.TestCaseExecutor.processExecutionPhase(TestCaseExecutor.java:418)
	at com.kms.katalon.core.main.TestCaseExecutor.accessMainPhase(TestCaseExecutor.java:410)
	at com.kms.katalon.core.main.TestCaseExecutor.execute(TestCaseExecutor.java:285)
	at com.kms.katalon.core.common.CommonExecutor.accessTestCaseMainPhase(CommonExecutor.java:65)
	at com.kms.katalon.core.main.TestSuiteExecutor.accessTestSuiteMainPhase(TestSuiteExecutor.java:150)
	at com.kms.katalon.core.main.TestSuiteExecutor.execute(TestSuiteExecutor.java:106)
	at com.kms.katalon.core.main.TestCaseMain.startTestSuite(TestCaseMain.java:180)
	at TempTestSuite1740644588984.run(TempTestSuite1740644588984.groovy:35)
	at java.base/jdk.internal.reflect.NativeMethodAccessorImpl.invoke0(Native Method)
	at java.base/jdk.internal.reflect.NativeMethodAccessorImpl.invoke(NativeMethodAccessorImpl.java:77)
	at java.base/jdk.internal.reflect.DelegatingMethodAccessorImpl.invoke(DelegatingMethodAccessorImpl.java:43)
Caused by: java.lang.IllegalArgumentException: Object is null
	at com.kms.katalon.core.helper.KeywordHelper.checkTestObjectParameter(KeywordHelper.java:33)
	at com.kms.katalon.core.webui.keyword.builtin.ClearTextKeyword$_clearText_closure1.doCall(ClearTextKeyword.groovy:43)
	at com.kms.katalon.core.webui.keyword.builtin.ClearTextKeyword$_clearText_closure1.call(ClearTextKeyword.groovy)
	at com.kms.katalon.core.webui.keyword.internal.WebUIKeywordMain.runKeyword(WebUIKeywordMain.groovy:67)
	... 20 more]]></system-err>
   </testsuite>
</testsuites>
