<?xml version="1.0" encoding="UTF-8"?>
<testsuites name="Employee_Timesheet_Submission" time="41.866" tests="3" failures="0" errors="1">
   <testsuite name="Employee_Timesheet_Submission" tests="3" failures="0" errors="1" time="41.866" skipped="0" timestamp="04-03-2025T19:47:25" hostname="lakshmanan.harikrish - SLTB233" id="Test Suites/Avishkaar_Test_Suite_Collections/Employee_Timesheet_Submission">
      <properties>
         <property name="deviceName" value=""/>
         <property name="devicePlatform"/>
         <property name="logFolder" value="D:\\Automation\\Katalon Studios\\Katalon-Studios\\Reports\\20250304_194718\\Avishkaar_Test_Suite_Collections\\Employee_Timesheet_Submission\\20250304_194718"/>
         <property name="logFiles" value="D:\\Automation\\Katalon Studios\\Katalon-Studios\\Reports\\20250304_194718\\Avishkaar_Test_Suite_Collections\\Employee_Timesheet_Submission\\20250304_194718\\execution0.log"/>
         <property name="attachments" value=""/>
         <property name="hostName" value="lakshmanan.harikrish - SLTB233"/>
         <property name="os" value="Windows 10 64bit"/>
         <property name="katalonVersion" value="9.7.4.223"/>
         <property name="browser" value="Chrome 133.0.0.0"/>
         <property name="hostAddress" value="192.168.101.33"/>
         <property name="sessionId" value="5f2c7046c063ffd2e626a07f5013c78a"/>
         <property name="seleniumVersion" value="3.141.59"/>
         <property name="proxyInformation" value="ProxyInformation { proxyOption=NO_PROXY, proxyServerType=HTTP, username=, password=********, proxyServerAddress=, proxyServerPort=0, executionList=&quot;&quot;, isApplyToDesiredCapabilities=true }"/>
         <property name="platform" value="Windows 10"/>
      </properties>
      <testcase name="Test Cases/Avishkaar Test Cases/Login" time="24.557" classname="Test Cases/Avishkaar Test Cases/Login" status="PASSED">
         <system-out><![CDATA[04-03-2025T19:47:25 - [TEST_CASE][PASSED] - Test Cases/Avishkaar Test Cases/Login: Test Cases/Avishkaar Test Cases/Login

04-03-2025T19:47:26 - [TEST_STEP][PASSED] - openBrowser("https://sftd1--testingcoe.sandbox.my.site.com/CRMITCommunity/s/"): Browser is opened with url: 'https://sftd1--testingcoe.sandbox.my.site.com/CRMITCommunity/s/'

04-03-2025T19:47:26 - [MESSAGE][INFO] - Starting 'Chrome' driver

04-03-2025T19:47:26 - [MESSAGE][INFO] - Action delay is set to 0 milliseconds

04-03-2025T19:47:48 - [MESSAGE][PASSED] - Browser is opened with url: 'https://sftd1--testingcoe.sandbox.my.site.com/CRMITCommunity/s/'

04-03-2025T19:47:48 - [TEST_STEP][PASSED] - setText(findTestObject("Avishkaar Object Repository/Login_Page/Username"), Username): Text 'chaithra.kn@crmit.com.testingcoe' is set on object 'Object Repository/Avishkaar Object Repository/Login_Page/Username'

04-03-2025T19:47:49 - [MESSAGE][PASSED] - Text 'chaithra.kn@crmit.com.testingcoe' is set on object 'Object Repository/Avishkaar Object Repository/Login_Page/Username'

04-03-2025T19:47:49 - [TEST_STEP][PASSED] - setText(findTestObject("Avishkaar Object Repository/Login_Page/Password"), Password): Text 'Password$2025' is set on object 'Object Repository/Avishkaar Object Repository/Login_Page/Password'

04-03-2025T19:47:50 - [MESSAGE][PASSED] - Text 'Password$2025' is set on object 'Object Repository/Avishkaar Object Repository/Login_Page/Password'

04-03-2025T19:47:50 - [TEST_STEP][PASSED] - click(findTestObject("Avishkaar Object Repository/Login_Page/Login_Button")): Object: 'Object Repository/Avishkaar Object Repository/Login_Page/Login_Button' is clicked on

04-03-2025T19:47:50 - [MESSAGE][PASSED] - Object: 'Object Repository/Avishkaar Object Repository/Login_Page/Login_Button' is clicked on]]></system-out>
         <system-err><![CDATA[]]></system-err>
      </testcase>
      <testcase name="Test Cases/Avishkaar Test Cases/Timesheet Management/Employee_Timesheet_Submission" time="1.147" classname="Test Cases/Avishkaar Test Cases/Timesheet Management/Employee_Timesheet_Submission" status="ERROR">
         <error type="ERROR" message="Test Cases/Avishkaar Test Cases/Timesheet Management/Employee_Timesheet_Submission FAILED.&#xa;Reason:&#xa;org.codehaus.groovy.control.MultipleCompilationErrorsException: startup failed:&#xa;file:/D:/Automation/Katalon%20Studios/Katalon-Studios/Scripts/Avishkaar%20Test%20Cases/Timesheet%20Management/Employee_Timesheet_Submission/Script1739779492640.groovy: 46: unable to resolve class StringSelection&#xa; @ line 46, column 17.&#xa;   StringSelection ss = new StringSelection(filePath)&#xa;                   ^&#xa;&#xa;file:/D:/Automation/Katalon%20Studios/Katalon-Studios/Scripts/Avishkaar%20Test%20Cases/Timesheet%20Management/Employee_Timesheet_Submission/Script1739779492640.groovy: 46: unable to resolve class StringSelection&#xa; @ line 46, column 22.&#xa;   StringSelection ss = new StringSelection(filePath)&#xa;                        ^&#xa;&#xa;file:/D:/Automation/Katalon%20Studios/Katalon-Studios/Scripts/Avishkaar%20Test%20Cases/Timesheet%20Management/Employee_Timesheet_Submission/Script1739779492640.groovy: 52: unable to resolve class Robot&#xa; @ line 52, column 7.&#xa;   Robot robot = new Robot()&#xa;         ^&#xa;&#xa;file:/D:/Automation/Katalon%20Studios/Katalon-Studios/Scripts/Avishkaar%20Test%20Cases/Timesheet%20Management/Employee_Timesheet_Submission/Script1739779492640.groovy: 52: unable to resolve class Robot&#xa; @ line 52, column 15.&#xa;   Robot robot = new Robot()&#xa;                 ^&#xa;&#xa;4 errors&#xa;&#xa;	at com.kms.katalon.core.main.ScriptEngine.getScript(ScriptEngine.java:199)&#xa;	at com.kms.katalon.core.main.ScriptEngine.run(ScriptEngine.java:194)&#xa;	at com.kms.katalon.core.main.ScriptEngine.runScriptAsRawText(ScriptEngine.java:119)&#xa;	at com.kms.katalon.core.main.TestCaseExecutor.runScript(TestCaseExecutor.java:448)&#xa;	at com.kms.katalon.core.main.TestCaseExecutor.doExecute(TestCaseExecutor.java:439)&#xa;	at com.kms.katalon.core.main.TestCaseExecutor.processExecutionPhase(TestCaseExecutor.java:418)&#xa;	at com.kms.katalon.core.main.TestCaseExecutor.accessMainPhase(TestCaseExecutor.java:410)&#xa;	at com.kms.katalon.core.main.TestCaseExecutor.execute(TestCaseExecutor.java:285)&#xa;	at com.kms.katalon.core.common.CommonExecutor.accessTestCaseMainPhase(CommonExecutor.java:65)&#xa;	at com.kms.katalon.core.main.TestSuiteExecutor.accessTestSuiteMainPhase(TestSuiteExecutor.java:150)&#xa;	at com.kms.katalon.core.main.TestSuiteExecutor.execute(TestSuiteExecutor.java:106)&#xa;	at com.kms.katalon.core.main.TestCaseMain.startTestSuite(TestCaseMain.java:180)&#xa;	at TempTestSuite1741097838484.run(TempTestSuite1741097838484.groovy:35)&#xa;	at java.base/jdk.internal.reflect.NativeMethodAccessorImpl.invoke0(Native Method)&#xa;	at java.base/jdk.internal.reflect.NativeMethodAccessorImpl.invoke(NativeMethodAccessorImpl.java:77)&#xa;	at java.base/jdk.internal.reflect.DelegatingMethodAccessorImpl.invoke(DelegatingMethodAccessorImpl.java:43)&#xa;"/>
         <system-out><![CDATA[04-03-2025T19:47:50 - [TEST_CASE][ERROR] - Test Cases/Avishkaar Test Cases/Timesheet Management/Employee_Timesheet_Submission: Test Cases/Avishkaar Test Cases/Timesheet Management/Employee_Timesheet_Submission FAILED.
Reason:
org.codehaus.groovy.control.MultipleCompilationErrorsException: startup failed:
file:/D:/Automation/Katalon%20Studios/Katalon-Studios/Scripts/Avishkaar%20Test%20Cases/Timesheet%20Management/Employee_Timesheet_Submission/Script1739779492640.groovy: 46: unable to resolve class StringSelection
 @ line 46, column 17.
   StringSelection ss = new StringSelection(filePath)
                   ^

file:/D:/Automation/Katalon%20Studios/Katalon-Studios/Scripts/Avishkaar%20Test%20Cases/Timesheet%20Management/Employee_Timesheet_Submission/Script1739779492640.groovy: 46: unable to resolve class StringSelection
 @ line 46, column 22.
   StringSelection ss = new StringSelection(filePath)
                        ^

file:/D:/Automation/Katalon%20Studios/Katalon-Studios/Scripts/Avishkaar%20Test%20Cases/Timesheet%20Management/Employee_Timesheet_Submission/Script1739779492640.groovy: 52: unable to resolve class Robot
 @ line 52, column 7.
   Robot robot = new Robot()
         ^

file:/D:/Automation/Katalon%20Studios/Katalon-Studios/Scripts/Avishkaar%20Test%20Cases/Timesheet%20Management/Employee_Timesheet_Submission/Script1739779492640.groovy: 52: unable to resolve class Robot
 @ line 52, column 15.
   Robot robot = new Robot()
                 ^

4 errors

	at com.kms.katalon.core.main.ScriptEngine.getScript(ScriptEngine.java:199)
	at com.kms.katalon.core.main.ScriptEngine.run(ScriptEngine.java:194)
	at com.kms.katalon.core.main.ScriptEngine.runScriptAsRawText(ScriptEngine.java:119)
	at com.kms.katalon.core.main.TestCaseExecutor.runScript(TestCaseExecutor.java:448)
	at com.kms.katalon.core.main.TestCaseExecutor.doExecute(TestCaseExecutor.java:439)
	at com.kms.katalon.core.main.TestCaseExecutor.processExecutionPhase(TestCaseExecutor.java:418)
	at com.kms.katalon.core.main.TestCaseExecutor.accessMainPhase(TestCaseExecutor.java:410)
	at com.kms.katalon.core.main.TestCaseExecutor.execute(TestCaseExecutor.java:285)
	at com.kms.katalon.core.common.CommonExecutor.accessTestCaseMainPhase(CommonExecutor.java:65)
	at com.kms.katalon.core.main.TestSuiteExecutor.accessTestSuiteMainPhase(TestSuiteExecutor.java:150)
	at com.kms.katalon.core.main.TestSuiteExecutor.execute(TestSuiteExecutor.java:106)
	at com.kms.katalon.core.main.TestCaseMain.startTestSuite(TestCaseMain.java:180)
	at TempTestSuite1741097838484.run(TempTestSuite1741097838484.groovy:35)
	at java.base/jdk.internal.reflect.NativeMethodAccessorImpl.invoke0(Native Method)
	at java.base/jdk.internal.reflect.NativeMethodAccessorImpl.invoke(NativeMethodAccessorImpl.java:77)
	at java.base/jdk.internal.reflect.DelegatingMethodAccessorImpl.invoke(DelegatingMethodAccessorImpl.java:43)]]></system-out>
         <system-err><![CDATA[04-03-2025T19:47:50 - [TEST_CASE][ERROR] - Test Cases/Avishkaar Test Cases/Timesheet Management/Employee_Timesheet_Submission: Test Cases/Avishkaar Test Cases/Timesheet Management/Employee_Timesheet_Submission FAILED.
Reason:
org.codehaus.groovy.control.MultipleCompilationErrorsException: startup failed:
file:/D:/Automation/Katalon%20Studios/Katalon-Studios/Scripts/Avishkaar%20Test%20Cases/Timesheet%20Management/Employee_Timesheet_Submission/Script1739779492640.groovy: 46: unable to resolve class StringSelection
 @ line 46, column 17.
   StringSelection ss = new StringSelection(filePath)
                   ^

file:/D:/Automation/Katalon%20Studios/Katalon-Studios/Scripts/Avishkaar%20Test%20Cases/Timesheet%20Management/Employee_Timesheet_Submission/Script1739779492640.groovy: 46: unable to resolve class StringSelection
 @ line 46, column 22.
   StringSelection ss = new StringSelection(filePath)
                        ^

file:/D:/Automation/Katalon%20Studios/Katalon-Studios/Scripts/Avishkaar%20Test%20Cases/Timesheet%20Management/Employee_Timesheet_Submission/Script1739779492640.groovy: 52: unable to resolve class Robot
 @ line 52, column 7.
   Robot robot = new Robot()
         ^

file:/D:/Automation/Katalon%20Studios/Katalon-Studios/Scripts/Avishkaar%20Test%20Cases/Timesheet%20Management/Employee_Timesheet_Submission/Script1739779492640.groovy: 52: unable to resolve class Robot
 @ line 52, column 15.
   Robot robot = new Robot()
                 ^

4 errors

	at com.kms.katalon.core.main.ScriptEngine.getScript(ScriptEngine.java:199)
	at com.kms.katalon.core.main.ScriptEngine.run(ScriptEngine.java:194)
	at com.kms.katalon.core.main.ScriptEngine.runScriptAsRawText(ScriptEngine.java:119)
	at com.kms.katalon.core.main.TestCaseExecutor.runScript(TestCaseExecutor.java:448)
	at com.kms.katalon.core.main.TestCaseExecutor.doExecute(TestCaseExecutor.java:439)
	at com.kms.katalon.core.main.TestCaseExecutor.processExecutionPhase(TestCaseExecutor.java:418)
	at com.kms.katalon.core.main.TestCaseExecutor.accessMainPhase(TestCaseExecutor.java:410)
	at com.kms.katalon.core.main.TestCaseExecutor.execute(TestCaseExecutor.java:285)
	at com.kms.katalon.core.common.CommonExecutor.accessTestCaseMainPhase(CommonExecutor.java:65)
	at com.kms.katalon.core.main.TestSuiteExecutor.accessTestSuiteMainPhase(TestSuiteExecutor.java:150)
	at com.kms.katalon.core.main.TestSuiteExecutor.execute(TestSuiteExecutor.java:106)
	at com.kms.katalon.core.main.TestCaseMain.startTestSuite(TestCaseMain.java:180)
	at TempTestSuite1741097838484.run(TempTestSuite1741097838484.groovy:35)
	at java.base/jdk.internal.reflect.NativeMethodAccessorImpl.invoke0(Native Method)
	at java.base/jdk.internal.reflect.NativeMethodAccessorImpl.invoke(NativeMethodAccessorImpl.java:77)
	at java.base/jdk.internal.reflect.DelegatingMethodAccessorImpl.invoke(DelegatingMethodAccessorImpl.java:43)]]></system-err>
      </testcase>
      <testcase name="Test Cases/Avishkaar Test Cases/Logout" time="15.729" classname="Test Cases/Avishkaar Test Cases/Logout" status="PASSED">
         <system-out><![CDATA[04-03-2025T19:47:51 - [TEST_CASE][PASSED] - Test Cases/Avishkaar Test Cases/Logout: Test Cases/Avishkaar Test Cases/Logout

04-03-2025T19:47:52 - [TEST_STEP][PASSED] - click(findTestObject("Avishkaar Object Repository/Logout_Page/Logout_Icon")): Object: 'Object Repository/Avishkaar Object Repository/Logout_Page/Logout_Icon' is clicked on

04-03-2025T19:48:06 - [MESSAGE][PASSED] - Object: 'Object Repository/Avishkaar Object Repository/Logout_Page/Logout_Icon' is clicked on

04-03-2025T19:48:06 - [TEST_STEP][PASSED] - click(findTestObject("Avishkaar Object Repository/Logout_Page/Logout_Button")): Object: 'Object Repository/Avishkaar Object Repository/Logout_Page/Logout_Button' is clicked on

04-03-2025T19:48:07 - [MESSAGE][PASSED] - Object: 'Object Repository/Avishkaar Object Repository/Logout_Page/Logout_Button' is clicked on]]></system-out>
         <system-err><![CDATA[]]></system-err>
      </testcase>
      <system-out><![CDATA[04-03-2025T19:47:25 - [TEST_SUITE][ERROR] - Employee_Timesheet_Submission: Test Cases/Avishkaar Test Cases/Timesheet Management/Employee_Timesheet_Submission FAILED.
Reason:
org.codehaus.groovy.control.MultipleCompilationErrorsException: startup failed:
file:/D:/Automation/Katalon%20Studios/Katalon-Studios/Scripts/Avishkaar%20Test%20Cases/Timesheet%20Management/Employee_Timesheet_Submission/Script1739779492640.groovy: 46: unable to resolve class StringSelection
 @ line 46, column 17.
   StringSelection ss = new StringSelection(filePath)
                   ^

file:/D:/Automation/Katalon%20Studios/Katalon-Studios/Scripts/Avishkaar%20Test%20Cases/Timesheet%20Management/Employee_Timesheet_Submission/Script1739779492640.groovy: 46: unable to resolve class StringSelection
 @ line 46, column 22.
   StringSelection ss = new StringSelection(filePath)
                        ^

file:/D:/Automation/Katalon%20Studios/Katalon-Studios/Scripts/Avishkaar%20Test%20Cases/Timesheet%20Management/Employee_Timesheet_Submission/Script1739779492640.groovy: 52: unable to resolve class Robot
 @ line 52, column 7.
   Robot robot = new Robot()
         ^

file:/D:/Automation/Katalon%20Studios/Katalon-Studios/Scripts/Avishkaar%20Test%20Cases/Timesheet%20Management/Employee_Timesheet_Submission/Script1739779492640.groovy: 52: unable to resolve class Robot
 @ line 52, column 15.
   Robot robot = new Robot()
                 ^

4 errors

	at com.kms.katalon.core.main.ScriptEngine.getScript(ScriptEngine.java:199)
	at com.kms.katalon.core.main.ScriptEngine.run(ScriptEngine.java:194)
	at com.kms.katalon.core.main.ScriptEngine.runScriptAsRawText(ScriptEngine.java:119)
	at com.kms.katalon.core.main.TestCaseExecutor.runScript(TestCaseExecutor.java:448)
	at com.kms.katalon.core.main.TestCaseExecutor.doExecute(TestCaseExecutor.java:439)
	at com.kms.katalon.core.main.TestCaseExecutor.processExecutionPhase(TestCaseExecutor.java:418)
	at com.kms.katalon.core.main.TestCaseExecutor.accessMainPhase(TestCaseExecutor.java:410)
	at com.kms.katalon.core.main.TestCaseExecutor.execute(TestCaseExecutor.java:285)
	at com.kms.katalon.core.common.CommonExecutor.accessTestCaseMainPhase(CommonExecutor.java:65)
	at com.kms.katalon.core.main.TestSuiteExecutor.accessTestSuiteMainPhase(TestSuiteExecutor.java:150)
	at com.kms.katalon.core.main.TestSuiteExecutor.execute(TestSuiteExecutor.java:106)
	at com.kms.katalon.core.main.TestCaseMain.startTestSuite(TestCaseMain.java:180)
	at TempTestSuite1741097838484.run(TempTestSuite1741097838484.groovy:35)
	at java.base/jdk.internal.reflect.NativeMethodAccessorImpl.invoke0(Native Method)
	at java.base/jdk.internal.reflect.NativeMethodAccessorImpl.invoke(NativeMethodAccessorImpl.java:77)
	at java.base/jdk.internal.reflect.DelegatingMethodAccessorImpl.invoke(DelegatingMethodAccessorImpl.java:43)]]></system-out>
      <system-err><![CDATA[04-03-2025T19:47:25 - [TEST_SUITE][ERROR] - Employee_Timesheet_Submission: Test Cases/Avishkaar Test Cases/Timesheet Management/Employee_Timesheet_Submission FAILED.
Reason:
org.codehaus.groovy.control.MultipleCompilationErrorsException: startup failed:
file:/D:/Automation/Katalon%20Studios/Katalon-Studios/Scripts/Avishkaar%20Test%20Cases/Timesheet%20Management/Employee_Timesheet_Submission/Script1739779492640.groovy: 46: unable to resolve class StringSelection
 @ line 46, column 17.
   StringSelection ss = new StringSelection(filePath)
                   ^

file:/D:/Automation/Katalon%20Studios/Katalon-Studios/Scripts/Avishkaar%20Test%20Cases/Timesheet%20Management/Employee_Timesheet_Submission/Script1739779492640.groovy: 46: unable to resolve class StringSelection
 @ line 46, column 22.
   StringSelection ss = new StringSelection(filePath)
                        ^

file:/D:/Automation/Katalon%20Studios/Katalon-Studios/Scripts/Avishkaar%20Test%20Cases/Timesheet%20Management/Employee_Timesheet_Submission/Script1739779492640.groovy: 52: unable to resolve class Robot
 @ line 52, column 7.
   Robot robot = new Robot()
         ^

file:/D:/Automation/Katalon%20Studios/Katalon-Studios/Scripts/Avishkaar%20Test%20Cases/Timesheet%20Management/Employee_Timesheet_Submission/Script1739779492640.groovy: 52: unable to resolve class Robot
 @ line 52, column 15.
   Robot robot = new Robot()
                 ^

4 errors

	at com.kms.katalon.core.main.ScriptEngine.getScript(ScriptEngine.java:199)
	at com.kms.katalon.core.main.ScriptEngine.run(ScriptEngine.java:194)
	at com.kms.katalon.core.main.ScriptEngine.runScriptAsRawText(ScriptEngine.java:119)
	at com.kms.katalon.core.main.TestCaseExecutor.runScript(TestCaseExecutor.java:448)
	at com.kms.katalon.core.main.TestCaseExecutor.doExecute(TestCaseExecutor.java:439)
	at com.kms.katalon.core.main.TestCaseExecutor.processExecutionPhase(TestCaseExecutor.java:418)
	at com.kms.katalon.core.main.TestCaseExecutor.accessMainPhase(TestCaseExecutor.java:410)
	at com.kms.katalon.core.main.TestCaseExecutor.execute(TestCaseExecutor.java:285)
	at com.kms.katalon.core.common.CommonExecutor.accessTestCaseMainPhase(CommonExecutor.java:65)
	at com.kms.katalon.core.main.TestSuiteExecutor.accessTestSuiteMainPhase(TestSuiteExecutor.java:150)
	at com.kms.katalon.core.main.TestSuiteExecutor.execute(TestSuiteExecutor.java:106)
	at com.kms.katalon.core.main.TestCaseMain.startTestSuite(TestCaseMain.java:180)
	at TempTestSuite1741097838484.run(TempTestSuite1741097838484.groovy:35)
	at java.base/jdk.internal.reflect.NativeMethodAccessorImpl.invoke0(Native Method)
	at java.base/jdk.internal.reflect.NativeMethodAccessorImpl.invoke(NativeMethodAccessorImpl.java:77)
	at java.base/jdk.internal.reflect.DelegatingMethodAccessorImpl.invoke(DelegatingMethodAccessorImpl.java:43)]]></system-err>
   </testsuite>
</testsuites>
